without cache
Usage: wrk <options> <url>                            
  Options:                                            
    -c, --connections <N>  Connections to keep open   
    -d, --duration    <T>  Duration of test           
    -t, --threads     <N>  Number of threads to use   
                                                      
    -s, --script      <S>  Load Lua script file       
    -H, --header      <H>  Add header to request      
        --latency          Print latency statistics   
        --timeout     <T>  Socket/request timeout     
    -v, --version          Print version details      
                                                      
  Numeric arguments may include a SI unit (1k, 1M, 1G)
  Time arguments may include a time unit (2s, 2m, 2h)
with cache
Running 10s test @ http://localhost:8082/
  10 threads and 10 connections
  Thread Stats   Avg      Stdev     Max   +/- Stdev
    Latency    15.54ms    4.04ms  50.96ms   91.01%
    Req/Sec    64.83     10.18   101.00     70.01%
  Latency Distribution
     50%   14.56ms
     75%   16.28ms
     90%   18.69ms
     99%   37.99ms
  6529 requests in 10.10s, 1.88MB read
Requests/sec:    646.51
Transfer/sec:    190.98KB
